<?xml version="1.0" encoding="UTF-8"?>
<!-- Generated by org.testng.reporters.JUnitReportReporter -->
<testsuite hostname="SYNQCA09" failures="0" tests="1" name="asd.SIQ_Cats_Console_Regression" time="29.699" errors="0" timestamp="2025-02-05T16:43:39 EST" skipped="0">
  <testcase classname="asd.SIQ_Cats_Console_Regression" name="RecordCountOnDTPtManager" time="29.699"/>
  <system-out/>
</testsuite> <!-- asd.SIQ_Cats_Console_Regression -->
