<?xml version="1.0" encoding="UTF-8"?>
<!-- Generated by org.testng.reporters.JUnitReportReporter -->
<testsuite hostname="SYNQCA09" failures="0" tests="1" name="asd.Login" time="4.764" errors="0" timestamp="2024-10-27T21:23:05 EDT" skipped="0">
  <testcase classname="asd.Login" name="loginTest" time="4.764"/>
  <system-out/>
</testsuite> <!-- asd.Login -->
