<?xml version="1.0" encoding="UTF-8"?>
<!-- Generated by org.testng.reporters.JUnitReportReporter -->
<testsuite hostname="SYNQCA09" failures="0" tests="1" name="asd.TC11855_9630_11059_Cancel_AOC_form_Automatic_report" time="43.891" errors="0" timestamp="2025-01-23T10:24:31 EST" skipped="0">
  <testcase classname="asd.TC11855_9630_11059_Cancel_AOC_form_Automatic_report" name="CancelAocForm" time="43.891"/>
  <system-out/>
</testsuite> <!-- asd.TC11855_9630_11059_Cancel_AOC_form_Automatic_report -->
