<?xml version="1.0" encoding="UTF-8"?>
<!-- Generated by org.testng.reporters.JUnitReportReporter -->
<testsuite hostname="SYNQCA09" failures="0" tests="1" name="asd.TC12085_11178_11982_HCP_HCP_Portal_displaying_logout_message_Configured_logout_message" time="28.120" errors="0" timestamp="2025-01-27T13:58:02 EST" skipped="0">
  <testcase classname="asd.TC12085_11178_11982_HCP_HCP_Portal_displaying_logout_message_Configured_logout_message" name="ConfiguredLogoutMessage" time="28.120"/>
  <system-out/>
</testsuite> <!-- asd.TC12085_11178_11982_HCP_HCP_Portal_displaying_logout_message_Configured_logout_message -->
