<?xml version="1.0" encoding="UTF-8"?>
<!-- Generated by org.testng.reporters.JUnitReportReporter -->
<testsuite hostname="SYNQCA09" failures="0" tests="1" name="asd.TC12085_11178_11982_HCP_HCP_Portal_displaying_logout_message" time="11.692" errors="0" timestamp="2025-01-19T13:36:59 EST" skipped="0">
  <testcase classname="asd.TC12085_11178_11982_HCP_HCP_Portal_displaying_logout_message" name="CancelAocForm" time="11.692"/>
  <system-out/>
</testsuite> <!-- asd.TC12085_11178_11982_HCP_HCP_Portal_displaying_logout_message -->
