<?xml version="1.0" encoding="UTF-8"?>
<!-- Generated by org.testng.reporters.JUnitReportReporter -->
<testsuite hostname="SYNQCA09" failures="0" tests="1" name="asd.TC11843_9630_11059_AOC_Discrepancy_Automatic_Incident_Report_for_Quantity_Mismatch" time="22.065" errors="0" timestamp="2025-02-04T13:28:22 EST" skipped="0">
  <testcase classname="asd.TC11843_9630_11059_AOC_Discrepancy_Automatic_Incident_Report_for_Quantity_Mismatch" name="CancelAocForm" time="22.065"/>
  <system-out/>
</testsuite> <!-- asd.TC11843_9630_11059_AOC_Discrepancy_Automatic_Incident_Report_for_Quantity_Mismatch -->
