<?xml version="1.0" encoding="UTF-8"?>
<!-- Generated by org.testng.reporters.JUnitReportReporter -->
<testsuite hostname="SYNQCA09" failures="0" tests="1" name="asd.TC11853_9630_11059_AOC_Incident_File_Manager_for_upload_doc" time="49.529" errors="0" timestamp="2025-01-28T13:41:53 EST" skipped="0">
  <testcase classname="asd.TC11853_9630_11059_AOC_Incident_File_Manager_for_upload_doc" name="CancelAocForm" time="49.529"/>
  <system-out/>
</testsuite> <!-- asd.TC11853_9630_11059_AOC_Incident_File_Manager_for_upload_doc -->
