<?xml version="1.0" encoding="UTF-8"?>
<!-- Generated by org.testng.reporters.JUnitReportReporter -->
<testsuite hostname="SYNQCA09" failures="0" tests="1" name="asd.TC12167_9630_11059_AOC_Incident_Report_an_Issue_Message" time="15.981" errors="0" timestamp="2025-01-17T15:48:36 EST" skipped="0">
  <testcase classname="asd.TC12167_9630_11059_AOC_Incident_Report_an_Issue_Message" name="ReportAnIssueMessage" time="15.981"/>
  <system-out/>
</testsuite> <!-- asd.TC12167_9630_11059_AOC_Incident_Report_an_Issue_Message -->
