<?xml version="1.0" encoding="UTF-8"?>
<!-- Generated by org.testng.reporters.JUnitReportReporter -->
<testsuite hostname="SYNQCA09" failures="0" tests="1" name="asd.TC11845_9630_11059_AOC_Incident_Select_predefined_reasons" time="21.593" errors="0" timestamp="2025-01-17T11:15:06 EST" skipped="0">
  <testcase classname="asd.TC11845_9630_11059_AOC_Incident_Select_predefined_reasons" name="CancelAocForm" time="21.593"/>
  <system-out/>
</testsuite> <!-- asd.TC11845_9630_11059_AOC_Incident_Select_predefined_reasons -->
