<?xml version="1.0" encoding="UTF-8"?>
<!-- Generated by org.testng.reporters.JUnitReportReporter -->
<testsuite hostname="SYNQCA09" failures="0" tests="2" name="asd.AocClearanceToolTC" time="38.733" errors="0" timestamp="2025-01-16T23:04:04 EST" skipped="0">
  <testcase classname="asd.AocClearanceToolTC" name="AccountInfoValidation" time="7.269"/>
  <system-out/>
  <testcase classname="asd.AocClearanceToolTC" name="AutomaticIncidentReportforQtyMismatch" time="31.464"/>
  <system-out/>
</testsuite> <!-- asd.AocClearanceToolTC -->
