<?xml version="1.0" encoding="UTF-8"?>
<!-- Generated by org.testng.reporters.JUnitReportReporter -->
<testsuite hostname="SYNQCA09" failures="0" tests="1" name="asd.MessagePageValidation" time="9.683" errors="0" timestamp="2024-12-16T22:17:18 EST" skipped="0">
  <testcase classname="asd.MessagePageValidation" name="HcpPortalLogin" time="9.683"/>
  <system-out/>
</testsuite> <!-- asd.MessagePageValidation -->
