<?xml version="1.0" encoding="UTF-8"?>
<!-- Generated by org.testng.reporters.JUnitReportReporter -->
<testsuite hostname="SYNQCA09" failures="0" tests="1" name="asd.BaseClass" time="31.558" errors="0" timestamp="2024-11-19T15:07:47 EST" skipped="0">
  <testcase classname="asd.BaseClass" name="orderHistoryTest" time="31.558"/>
  <system-out/>
</testsuite> <!-- asd.BaseClass -->
