<?xml version="1.0" encoding="UTF-8"?>
<!-- Generated by org.testng.reporters.JUnitReportReporter -->
<testsuite hostname="SYNQCA09" failures="0" tests="1" name="asd.ValidateMenuPanel" time="9.050" errors="0" timestamp="2024-11-02T20:10:15 EDT" skipped="0">
  <testcase classname="asd.ValidateMenuPanel" name="selectProductTest" time="9.050"/>
  <system-out/>
</testsuite> <!-- asd.ValidateMenuPanel -->
