<?xml version="1.0" encoding="UTF-8"?>
<!-- Generated by org.testng.reporters.JUnitReportReporter -->
<testsuite hostname="SYNQCA09" failures="0" tests="1" name="asd.TC12516_111778_12147_AOC_Confirmation_Popup_No_button_functionality_on_mobile_devices" time="24.570" errors="0" timestamp="2025-01-27T13:22:56 EST" skipped="0">
  <testcase classname="asd.TC12516_111778_12147_AOC_Confirmation_Popup_No_button_functionality_on_mobile_devices" name="CancelAocForm" time="24.570"/>
  <system-out/>
</testsuite> <!-- asd.TC12516_111778_12147_AOC_Confirmation_Popup_No_button_functionality_on_mobile_devices -->
