<?xml version="1.0" encoding="UTF-8"?>
<!-- Generated by org.testng.reporters.JUnitReportReporter -->
<testsuite hostname="SYNQCA09" failures="0" tests="1" name="asd.menuPanel" time="10.250" errors="0" timestamp="2024-10-24T23:46:51 EDT" skipped="0">
  <testcase classname="asd.menuPanel" name="loginTest" time="10.250"/>
  <system-out/>
</testsuite> <!-- asd.menuPanel -->
