<?xml version="1.0" encoding="UTF-8"?>
<!-- Generated by org.testng.reporters.JUnitReportReporter -->
<testsuite hostname="SYNQCA09" failures="0" tests="1" name="asd.loginBoxValidation" time="2.931" errors="0" timestamp="2024-10-18T17:21:42 EDT" skipped="0">
  <testcase classname="asd.loginBoxValidation" name="loginTitleValidation" time="2.931"/>
  <system-out/>
</testsuite> <!-- asd.loginBoxValidation -->
