<?xml version="1.0" encoding="UTF-8"?>
<!-- Generated by org.testng.reporters.JUnitReportReporter -->
<testsuite hostname="SYNQCA09" failures="0" tests="1" name="asd.TC12943_9630_12897_AOC_Report_Incident_confirmation_message_once_per_AOC" time="32.528" errors="0" timestamp="2025-01-27T13:11:43 EST" skipped="0">
  <testcase classname="asd.TC12943_9630_12897_AOC_Report_Incident_confirmation_message_once_per_AOC" name="CancelAocForm" time="32.528"/>
  <system-out/>
</testsuite> <!-- asd.TC12943_9630_12897_AOC_Report_Incident_confirmation_message_once_per_AOC -->
