<?xml version="1.0" encoding="UTF-8"?>
<!-- Generated by org.testng.reporters.JUnitReportReporter -->
<testsuite hostname="SYNQCA09" failures="0" tests="1" name="asd.TC11844_AOC_Incident_Report_an_Issue_Continue" time="78.872" errors="0" timestamp="2025-01-27T15:18:12 EST" skipped="0">
  <testcase classname="asd.TC11844_AOC_Incident_Report_an_Issue_Continue" name="CancelAocForm" time="78.872"/>
  <system-out/>
</testsuite> <!-- asd.TC11844_AOC_Incident_Report_an_Issue_Continue -->
