<?xml version="1.0" encoding="UTF-8"?>
<!-- Generated by org.testng.reporters.JUnitReportReporter -->
<testsuite hostname="SYNQCA09" failures="0" tests="1" name="asd.HomePageLogInTest" time="8.226" errors="0" timestamp="2025-01-26T15:16:06 EST" skipped="0">
  <testcase classname="asd.HomePageLogInTest" name="VerifyAccountloginTest" time="8.226"/>
  <system-out/>
</testsuite> <!-- asd.HomePageLogInTest -->
