<?xml version="1.0" encoding="UTF-8"?>
<!-- Generated by org.testng.reporters.JUnitReportReporter -->
<testsuite hostname="SYNQCA09" failures="0" tests="1" name="asd.loginTest" time="12.875" errors="0" timestamp="2024-10-13T23:46:48 EDT" skipped="0">
  <testcase classname="asd.loginTest" name="loginTest" time="12.875"/>
  <system-out/>
</testsuite> <!-- asd.loginTest -->
