<?xml version="1.0" encoding="UTF-8"?>
<!-- Generated by org.testng.reporters.JUnitReportReporter -->
<testsuite hostname="SYNQCA09" failures="0" tests="1" name="asd.HomePage" time="9.052" errors="0" timestamp="2024-10-27T13:09:55 EDT" skipped="0">
  <testcase classname="asd.HomePage" name="loginTest" time="9.052"/>
  <system-out/>
</testsuite> <!-- asd.HomePage -->
