<?xml version="1.0" encoding="UTF-8"?>
<!-- Generated by org.testng.reporters.JUnitReportReporter -->
<testsuite hostname="SYNQCA09" failures="0" tests="1" name="asd.loginPageValidation" time="3.193" errors="0" timestamp="2024-10-16T22:14:37 EDT" skipped="0">
  <testcase classname="asd.loginPageValidation" name="loginTitleValidation" time="3.193"/>
  <system-out/>
</testsuite> <!-- asd.loginPageValidation -->
