<?xml version="1.0" encoding="UTF-8"?>
<!-- Generated by org.testng.reporters.JUnitReportReporter -->
<testsuite hostname="SYNQCA09" failures="0" tests="1" name="asd.TC13005_11178_12206_HCP_Portal_Product_Detail_and_Prescriber_Info_remain_responsive_after_using_the_browser_back_arrow" time="19.127" errors="0" timestamp="2025-01-27T15:59:26 EST" skipped="0">
  <testcase classname="asd.TC13005_11178_12206_HCP_Portal_Product_Detail_and_Prescriber_Info_remain_responsive_after_using_the_browser_back_arrow" name="CancelAocForm" time="19.127"/>
  <system-out/>
</testsuite> <!-- asd.TC13005_11178_12206_HCP_Portal_Product_Detail_and_Prescriber_Info_remain_responsive_after_using_the_browser_back_arrow -->
