<?xml version="1.0" encoding="UTF-8"?>
<!-- Generated by org.testng.reporters.JUnitReportReporter -->
<testsuite hostname="SYNQCA09" failures="0" tests="1" name="asd.TC11855_9630_11059_Cancel_AOC_form_manually_created_report" time="42.644" errors="0" timestamp="2025-01-27T14:10:08 EST" skipped="0">
  <testcase classname="asd.TC11855_9630_11059_Cancel_AOC_form_manually_created_report" name="CancelAocForm" time="42.644"/>
  <system-out/>
</testsuite> <!-- asd.TC11855_9630_11059_Cancel_AOC_form_manually_created_report -->
