<?xml version="1.0" encoding="UTF-8"?>
<!-- Generated by org.testng.reporters.JUnitReportReporter -->
<testsuite hostname="SYNQCA09" failures="0" tests="1" name="asd.TC12168_9630_11059_AOC_Incident_Report_an_Issue_Cancel" time="16.605" errors="0" timestamp="2025-01-27T12:59:33 EST" skipped="0">
  <testcase classname="asd.TC12168_9630_11059_AOC_Incident_Report_an_Issue_Cancel" name="ReportAnIssueMessage" time="16.605"/>
  <system-out/>
</testsuite> <!-- asd.TC12168_9630_11059_AOC_Incident_Report_an_Issue_Cancel -->
